{"timestamp":1775240120115,"action":"request_denied","actor":"anonymous","outcome":"denied","target":"/api/session","detail":"Unauthorized"}
{"timestamp":1775240158063,"action":"register","actor":"bidder1","outcome":"success","target":"account","detail":"0:0:0:0:0:0:0:1"}
{"timestamp":1775240158064,"action":"login","actor":"bidder1","outcome":"success","target":"session","detail":"0:0:0:0:0:0:0:1"}
{"timestamp":1775241972004,"action":"request_denied","actor":"anonymous","outcome":"denied","target":"/api/session","detail":"Unauthorized"}
{"timestamp":1775363408840,"action":"logout","actor":"anonymous","outcome":"success","target":"session","detail":"0:0:0:0:0:0:0:1"}
{"timestamp":1775364823968,"action":"register","actor":"curluser","outcome":"success","target":"account","detail":"0:0:0:0:0:0:0:1"}
{"timestamp":1775364838506,"action":"login","actor":"curluser","outcome":"success","target":"session","detail":"0:0:0:0:0:0:0:1"}
{"timestamp":1775365089272,"action":"login","actor":"admin","outcome":"success","target":"session","detail":"0:0:0:0:0:0:0:1"}
{"timestamp":1775365985939,"action":"login","actor":"admin","outcome":"success","target":"session","detail":"0:0:0:0:0:0:0:1"}
{"timestamp":1775366029660,"action":"logout","actor":"anonymous","outcome":"success","target":"session","detail":"0:0:0:0:0:0:0:1"}
{"timestamp":1775366048316,"action":"login","actor":"admin","outcome":"success","target":"session","detail":"0:0:0:0:0:0:0:1"}
{"timestamp":1775366061980,"action":"login","actor":"admin","outcome":"success","target":"session","detail":"0:0:0:0:0:0:0:1"}
{"timestamp":1775366061981,"action":"login","actor":"admin","outcome":"success","target":"session","detail":"0:0:0:0:0:0:0:1"}
{"timestamp":1775366061982,"action":"login","actor":"admin","outcome":"success","target":"session","detail":"0:0:0:0:0:0:0:1"}
{"timestamp":1775366061982,"action":"login","actor":"admin","outcome":"success","target":"session","detail":"0:0:0:0:0:0:0:1"}
{"timestamp":1775366061983,"action":"login","actor":"admin","outcome":"success","target":"session","detail":"0:0:0:0:0:0:0:1"}
{"timestamp":1775366062189,"action":"login","actor":"admin","outcome":"success","target":"session","detail":"0:0:0:0:0:0:0:1"}
{"timestamp":1775366071756,"action":"login","actor":"admin","outcome":"success","target":"session","detail":"0:0:0:0:0:0:0:1"}
{"timestamp":1775366071972,"action":"login","actor":"admin","outcome":"success","target":"session","detail":"0:0:0:0:0:0:0:1"}
{"timestamp":1775366081554,"action":"logout","actor":"admin","outcome":"success","target":"session","detail":"0:0:0:0:0:0:0:1"}
{"timestamp":1775366081559,"action":"logout","actor":"admin","outcome":"success","target":"session","detail":"0:0:0:0:0:0:0:1"}
{"timestamp":1775366081560,"action":"logout","actor":"admin","outcome":"success","target":"session","detail":"0:0:0:0:0:0:0:1"}
{"timestamp":1775366081562,"action":"request_denied","actor":"anonymous","outcome":"denied","target":"/api/users","detail":"Unauthorized"}
{"timestamp":1775366081769,"action":"logout","actor":"admin","outcome":"success","target":"session","detail":"0:0:0:0:0:0:0:1"}
{"timestamp":1775366091368,"action":"login","actor":"admin","outcome":"success","target":"session","detail":"0:0:0:0:0:0:0:1"}
{"timestamp":1775366289334,"action":"login","actor":"admin","outcome":"success","target":"session","detail":"0:0:0:0:0:0:0:1"}
{"timestamp":1775366300619,"action":"login","actor":"admin","outcome":"success","target":"session","detail":"0:0:0:0:0:0:0:1"}
{"timestamp":1775366692063,"action":"login","actor":"admin","outcome":"success","target":"session","detail":"0:0:0:0:0:0:0:1"}
{"timestamp":1775367342543,"action":"login","actor":"admin","outcome":"success","target":"session","detail":"127.0.0.1"}
{"timestamp":1775367747508,"action":"login","actor":"admin","outcome":"success","target":"session","detail":"0:0:0:0:0:0:0:1"}
{"timestamp":1775368015276,"action":"login","actor":"admin","outcome":"success","target":"session","detail":"0:0:0:0:0:0:0:1"}
{"timestamp":1775368412233,"action":"request_denied","actor":"anonymous","outcome":"denied","target":"/api/users","detail":"Unauthorized"}
{"timestamp":1775368663010,"action":"login","actor":"admin","outcome":"success","target":"session","detail":"0:0:0:0:0:0:0:1"}
{"timestamp":1775368865673,"action":"request_denied","actor":"anonymous","outcome":"denied","target":"/api/users","detail":"Unauthorized"}
{"timestamp":1775368871463,"action":"login","actor":"admin","outcome":"success","target":"session","detail":"0:0:0:0:0:0:0:1"}
{"timestamp":1775370292108,"action":"logout","actor":"admin","outcome":"success","target":"session","detail":"0:0:0:0:0:0:0:1"}
{"timestamp":1775370309465,"action":"register","actor":"hung","outcome":"success","target":"account","detail":"0:0:0:0:0:0:0:1"}
{"timestamp":1775370345226,"action":"auction_create","actor":"hung","outcome":"success","target":"5f701236-960a-4ecd-84f0-e0683132e4d1","detail":"bancuaanhhieu"}
{"timestamp":1775371284038,"action":"request_denied","actor":"anonymous","outcome":"denied","target":"/api/upload","detail":"Unauthorized"}
{"timestamp":1775371284040,"action":"request_denied","actor":"anonymous","outcome":"denied","target":"/api/upload","detail":"Unauthorized"}
{"timestamp":1775371548054,"action":"request_denied","actor":"anonymous","outcome":"denied","target":"/api/upload","detail":"Unauthorized"}
{"timestamp":1775371548058,"action":"request_denied","actor":"anonymous","outcome":"denied","target":"/api/upload","detail":"Unauthorized"}
{"timestamp":1775371549812,"action":"request_denied","actor":"anonymous","outcome":"denied","target":"/api/upload","detail":"Unauthorized"}
{"timestamp":1775371550144,"action":"request_denied","actor":"anonymous","outcome":"denied","target":"/api/upload","detail":"Unauthorized"}
{"timestamp":1775371550410,"action":"request_denied","actor":"anonymous","outcome":"denied","target":"/api/upload","detail":"Unauthorized"}
{"timestamp":1775371550661,"action":"request_denied","actor":"anonymous","outcome":"denied","target":"/api/upload","detail":"Unauthorized"}
{"timestamp":1775371554682,"action":"request_denied","actor":"anonymous","outcome":"denied","target":"/api/upload","detail":"Unauthorized"}
{"timestamp":1775371812434,"action":"request_denied","actor":"anonymous","outcome":"denied","target":"/api/upload","detail":"Unauthorized"}
{"timestamp":1775372112577,"action":"request_denied","actor":"anonymous","outcome":"denied","target":"/api/upload","detail":"Unauthorized"}
{"timestamp":1775375189059,"action":"logout","actor":"anonymous","outcome":"success","target":"session","detail":"0:0:0:0:0:0:0:1"}
{"timestamp":1775375196704,"action":"login","actor":"admin","outcome":"success","target":"session","detail":"0:0:0:0:0:0:0:1"}
{"timestamp":1775375217308,"action":"auction_create","actor":"admin","outcome":"success","target":"49979d1f-c35a-47e2-a66e-29f25a6069ec","detail":"sdads"}
{"timestamp":1775375271855,"action":"auction_create","actor":"admin","outcome":"success","target":"52be0058-d8ec-42ab-8fba-7511c740ad1b","detail":"bancuaanhhieu"}
{"timestamp":1775375305821,"action":"request_denied","actor":"anonymous","outcome":"denied","target":"/api/auctions/49979d1f-c35a-47e2-a66e-29f25a6069ec/bid","detail":"Unauthorized"}
{"timestamp":1775375308971,"action":"request_denied","actor":"anonymous","outcome":"denied","target":"/api/auctions/49979d1f-c35a-47e2-a66e-29f25a6069ec/bid","detail":"Unauthorized"}
{"timestamp":1775375309497,"action":"request_denied","actor":"anonymous","outcome":"denied","target":"/api/auctions/49979d1f-c35a-47e2-a66e-29f25a6069ec/bid","detail":"Unauthorized"}
{"timestamp":1775375309738,"action":"request_denied","actor":"anonymous","outcome":"denied","target":"/api/auctions/49979d1f-c35a-47e2-a66e-29f25a6069ec/bid","detail":"Unauthorized"}
{"timestamp":1775375310748,"action":"request_denied","actor":"anonymous","outcome":"denied","target":"/api/auctions/49979d1f-c35a-47e2-a66e-29f25a6069ec/bid","detail":"Unauthorized"}
{"timestamp":1775375311602,"action":"request_denied","actor":"anonymous","outcome":"denied","target":"/api/auctions/49979d1f-c35a-47e2-a66e-29f25a6069ec/bid","detail":"Unauthorized"}
{"timestamp":1775375312329,"action":"request_denied","actor":"anonymous","outcome":"denied","target":"/api/auctions/49979d1f-c35a-47e2-a66e-29f25a6069ec/bid","detail":"Unauthorized"}
{"timestamp":1775375312989,"action":"request_denied","actor":"anonymous","outcome":"denied","target":"/api/auctions/49979d1f-c35a-47e2-a66e-29f25a6069ec/bid","detail":"Unauthorized"}
{"timestamp":1775375313692,"action":"request_denied","actor":"anonymous","outcome":"denied","target":"/api/auctions/49979d1f-c35a-47e2-a66e-29f25a6069ec/bid","detail":"Unauthorized"}
{"timestamp":1775375314536,"action":"request_denied","actor":"anonymous","outcome":"denied","target":"/api/auctions/49979d1f-c35a-47e2-a66e-29f25a6069ec/bid","detail":"Unauthorized"}
{"timestamp":1775375319749,"action":"logout","actor":"admin","outcome":"success","target":"session","detail":"0:0:0:0:0:0:0:1"}
{"timestamp":1775375333559,"action":"register","actor":"bidder2","outcome":"success","target":"account","detail":"0:0:0:0:0:0:0:1"}
{"timestamp":1775375347629,"action":"auction_create","actor":"bidder2","outcome":"success","target":"e72a46bf-6901-48f5-83ca-698ed728d9ee","detail":"đấ"}
{"timestamp":1775375354928,"action":"auction_update","actor":"bidder2","outcome":"success","target":"e72a46bf-6901-48f5-83ca-698ed728d9ee","detail":"đấ"}
{"timestamp":1775375370473,"action":"auction_update","actor":"bidder2","outcome":"success","target":"e72a46bf-6901-48f5-83ca-698ed728d9ee","detail":"đấ"}
{"timestamp":1775375376148,"action":"auction_update","actor":"bidder2","outcome":"success","target":"e72a46bf-6901-48f5-83ca-698ed728d9ee","detail":"đấ"}
{"timestamp":1775375380874,"action":"request_denied","actor":"anonymous","outcome":"denied","target":"/api/auctions/e72a46bf-6901-48f5-83ca-698ed728d9ee/bid","detail":"Unauthorized"}
{"timestamp":1775377462071,"action":"request_denied","actor":"anonymous","outcome":"denied","target":"/api/auctions/2241f048-b6ce-4d83-972e-01518dfca5e0/bid","detail":"Unauthorized"}
{"timestamp":1775377475786,"action":"login","actor":"bidder1","outcome":"success","target":"session","detail":"0:0:0:0:0:0:0:1"}
{"timestamp":1775377481187,"action":"bid_place","actor":"bidder1","outcome":"success","target":"fa3dcb59-6e0a-4c00-8565-557dc9365a81","detail":"123123.0"}
{"timestamp":1775378251713,"action":"bid_place","actor":"bidder1","outcome":"success","target":"9a58f80a-999d-4e46-ac65-2bade0fdd8ca","detail":"12333.0"}
{"timestamp":1775378696264,"action":"logout","actor":"bidder1","outcome":"success","target":"session","detail":"0:0:0:0:0:0:0:1"}
{"timestamp":1775378702322,"action":"login","actor":"admin","outcome":"success","target":"session","detail":"0:0:0:0:0:0:0:1"}
{"timestamp":1775378899099,"action":"request_denied","actor":"anonymous","outcome":"denied","target":"/api/users","detail":"Unauthorized"}
{"timestamp":1775378907340,"action":"login","actor":"admin","outcome":"success","target":"session","detail":"0:0:0:0:0:0:0:1"}
{"timestamp":1775410740776,"action":"login","actor":"admin","outcome":"success","target":"session","detail":"0:0:0:0:0:0:0:1"}
{"timestamp":1775410740777,"action":"login","actor":"admin","outcome":"success","target":"session","detail":"0:0:0:0:0:0:0:1"}
{"timestamp":1775410969304,"action":"login","actor":"admin","outcome":"success","target":"session","detail":"0:0:0:0:0:0:0:1"}
{"timestamp":1775410969306,"action":"login","actor":"admin","outcome":"success","target":"session","detail":"0:0:0:0:0:0:0:1"}
{"timestamp":1775410991806,"action":"login","actor":"admin","outcome":"success","target":"session","detail":"0:0:0:0:0:0:0:1"}
{"timestamp":1775410991807,"action":"login","actor":"admin","outcome":"success","target":"session","detail":"0:0:0:0:0:0:0:1"}
{"timestamp":1775411106665,"action":"login","actor":"admin","outcome":"success","target":"session","detail":"0:0:0:0:0:0:0:1"}
{"timestamp":1775411986094,"action":"request_denied","actor":"anonymous","outcome":"denied","target":"/api/csrf","detail":"Unauthorized"}
{"timestamp":1775411994151,"action":"login","actor":"admin","outcome":"success","target":"session","detail":"0:0:0:0:0:0:0:1"}
